This is pdfTeX, Version 3.14159265-2.6-1.40.20 (TeX Live 2019/Debian) (preloaded format=pdflatex 2020.5.31)  19 JUN 2020 07:17
entering extended mode
 restricted \write18 enabled.
 %&-line parsing enabled.
**report.tex
(./report.tex
LaTeX2e <2020-02-02> patch level 2
L3 programming layer <2020-02-14>
(/usr/share/texlive/texmf-dist/tex/latex/base/article.cls
Document Class: article 2019/12/20 v1.4l Standard LaTeX document class
(/usr/share/texlive/texmf-dist/tex/latex/base/size11.clo
File: size11.clo 2019/12/20 v1.4l Standard LaTeX file (size option)
)
\c@part=\count167
\c@section=\count168
\c@subsection=\count169
\c@subsubsection=\count170
\c@paragraph=\count171
\c@subparagraph=\count172
\c@figure=\count173
\c@table=\count174
\abovecaptionskip=\skip47
\belowcaptionskip=\skip48
\bibindent=\dimen134
)
(/usr/share/texlive/texmf-dist/tex/latex/geometry/geometry.sty
Package: geometry 2020/01/02 v5.9 Page Geometry

(/usr/share/texlive/texmf-dist/tex/latex/graphics/keyval.sty
Package: keyval 2014/10/28 v1.15 key=value parser (DPC)
\KV@toks@=\toks14
)
(/usr/share/texlive/texmf-dist/tex/generic/iftex/ifvtex.sty
Package: ifvtex 2019/10/25 v1.7 ifvtex legacy package. Use iftex instead.

(/usr/share/texlive/texmf-dist/tex/generic/iftex/iftex.sty
Package: iftex 2019/11/07 v1.0c TeX engine tests
))
\Gm@cnth=\count175
\Gm@cntv=\count176
\c@Gm@tempcnt=\count177
\Gm@bindingoffset=\dimen135
\Gm@wd@mp=\dimen136
\Gm@odd@mp=\dimen137
\Gm@even@mp=\dimen138
\Gm@layoutwidth=\dimen139
\Gm@layoutheight=\dimen140
\Gm@layouthoffset=\dimen141
\Gm@layoutvoffset=\dimen142
\Gm@dimlist=\toks15
)
(/usr/share/texlive/texmf-dist/tex/latex/graphics/graphicx.sty
Package: graphicx 2019/11/30 v1.2a Enhanced LaTeX Graphics (DPC,SPQR)

(/usr/share/texlive/texmf-dist/tex/latex/graphics/graphics.sty
Package: graphics 2019/11/30 v1.4a Standard LaTeX Graphics (DPC,SPQR)

(/usr/share/texlive/texmf-dist/tex/latex/graphics/trig.sty
Package: trig 2016/01/03 v1.10 sin cos tan (DPC)
)
(/usr/share/texlive/texmf-dist/tex/latex/graphics-cfg/graphics.cfg
File: graphics.cfg 2016/06/04 v1.11 sample graphics configuration
)
Package graphics Info: Driver file: pdftex.def on input line 105.

(/usr/share/texlive/texmf-dist/tex/latex/graphics-def/pdftex.def
File: pdftex.def 2018/01/08 v1.0l Graphics/color driver for pdftex
))
\Gin@req@height=\dimen143
\Gin@req@width=\dimen144
)
(/usr/share/texlive/texmf-dist/tex/latex/float/float.sty
Package: float 2001/11/08 v1.3d Float enhancements (AL)
\c@float@type=\count178
\float@exts=\toks16
\float@box=\box45
\@float@everytoks=\toks17
\@floatcapt=\box46
)
(/usr/share/texlive/texmf-dist/tex/latex/l3backend/l3backend-pdfmode.def
File: l3backend-pdfmode.def 2020-02-03 L3 backend support: PDF mode
\l__kernel_color_stack_int=\count179
\l__pdf_internal_box=\box47
)
(./report.aux)
\openout1 = `report.aux'.

LaTeX Font Info:    Checking defaults for OML/cmm/m/it on input line 14.
LaTeX Font Info:    ... okay on input line 14.
LaTeX Font Info:    Checking defaults for OMS/cmsy/m/n on input line 14.
LaTeX Font Info:    ... okay on input line 14.
LaTeX Font Info:    Checking defaults for OT1/cmr/m/n on input line 14.
LaTeX Font Info:    ... okay on input line 14.
LaTeX Font Info:    Checking defaults for T1/cmr/m/n on input line 14.
LaTeX Font Info:    ... okay on input line 14.
LaTeX Font Info:    Checking defaults for TS1/cmr/m/n on input line 14.
LaTeX Font Info:    ... okay on input line 14.
LaTeX Font Info:    Checking defaults for OMX/cmex/m/n on input line 14.
LaTeX Font Info:    ... okay on input line 14.
LaTeX Font Info:    Checking defaults for U/cmr/m/n on input line 14.
LaTeX Font Info:    ... okay on input line 14.

*geometry* driver: auto-detecting
*geometry* detected driver: pdftex
*geometry* verbose mode - [ preamble ] result:
* driver: pdftex
* paper: <default>
* layout: <same size as paper>
* layoutoffset:(h,v)=(0.0pt,0.0pt)
* modes: 
* h-part:(L,W,R)=(72.26999pt, 469.75502pt, 72.26999pt)
* v-part:(T,H,B)=(72.26999pt, 650.43001pt, 72.26999pt)
* \paperwidth=614.295pt
* \paperheight=794.96999pt
* \textwidth=469.75502pt
* \textheight=650.43001pt
* \oddsidemargin=0.0pt
* \evensidemargin=0.0pt
* \topmargin=-37.0pt
* \headheight=12.0pt
* \headsep=25.0pt
* \topskip=11.0pt
* \footskip=30.0pt
* \marginparwidth=59.0pt
* \marginparsep=10.0pt
* \columnsep=10.0pt
* \skip\footins=10.0pt plus 4.0pt minus 2.0pt
* \hoffset=0.0pt
* \voffset=0.0pt
* \mag=1000
* \@twocolumnfalse
* \@twosidefalse
* \@mparswitchfalse
* \@reversemarginfalse
* (1in=72.27pt=25.4mm, 1cm=28.453pt)

(/usr/share/texlive/texmf-dist/tex/context/base/mkii/supp-pdf.mkii
[Loading MPS to PDF converter (version 2006.09.02).]
\scratchcounter=\count180
\scratchdimen=\dimen145
\scratchbox=\box48
\nofMPsegments=\count181
\nofMParguments=\count182
\everyMPshowfont=\toks18
\MPscratchCnt=\count183
\MPscratchDim=\dimen146
\MPnumerator=\count184
\makeMPintoPDFobject=\count185
\everyMPtoPDFconversion=\toks19
) (/usr/share/texlive/texmf-dist/tex/latex/epstopdf-pkg/epstopdf-base.sty
Package: epstopdf-base 2020-01-24 v2.11 Base part for package epstopdf
Package epstopdf-base Info: Redefining graphics rule for `.eps' on input line 4
85.

(/usr/share/texlive/texmf-dist/tex/latex/latexconfig/epstopdf-sys.cfg
File: epstopdf-sys.cfg 2010/07/13 v1.3 Configuration of (r)epstopdf for TeX Liv
e
))
LaTeX Font Info:    External font `cmex10' loaded for size
(Font)              <12> on input line 15.
LaTeX Font Info:    External font `cmex10' loaded for size
(Font)              <8> on input line 15.
LaTeX Font Info:    External font `cmex10' loaded for size
(Font)              <6> on input line 15.

[1

{/var/lib/texmf/fonts/map/pdftex/updmap/pdftex.map}] (./report.toc
LaTeX Font Info:    External font `cmex10' loaded for size
(Font)              <10.95> on input line 7.
)
\tf@toc=\write3
\openout3 = `report.toc'.

 [2]
<images/head.png, id=14, 578.16pt x 126.4725pt>
File: images/head.png Graphic file (type png)
<use images/head.png>
Package pdftex.def Info: images/head.png  used on input line 32.
(pdftex.def)             Requested size: 433.61893pt x 94.85413pt.
<images/summary.png, id=16, 972.63374pt x 130.4875pt>
File: images/summary.png Graphic file (type png)
<use images/summary.png>
Package pdftex.def Info: images/summary.png  used on input line 39.
(pdftex.def)             Requested size: 486.31567pt x 65.24358pt.

Overfull \hbox (16.56065pt too wide) in paragraph at lines 39--40
 [][] 
 []


Underfull \hbox (badness 10000) in paragraph at lines 42--43

 []

[3 <./images/head.png> <./images/summary.png>]
<images/boxplot.png, id=26, 451.6875pt x 301.125pt>
File: images/boxplot.png Graphic file (type png)
<use images/boxplot.png>
Package pdftex.def Info: images/boxplot.png  used on input line 47.
(pdftex.def)             Requested size: 451.68639pt x 301.12425pt.
 [4 <./images/boxplot.png>]
<images/boxplotCR.png, id=31, 451.6875pt x 301.125pt>
File: images/boxplotCR.png Graphic file (type png)
<use images/boxplotCR.png>
Package pdftex.def Info: images/boxplotCR.png  used on input line 58.
(pdftex.def)             Requested size: 451.68639pt x 301.12425pt.
<images/cor.png, id=32, 678.535pt x 175.65625pt>
File: images/cor.png Graphic file (type png)
<use images/cor.png>
Package pdftex.def Info: images/cor.png  used on input line 63.
(pdftex.def)             Requested size: 474.97125pt x 122.95853pt.

Overfull \hbox (5.21623pt too wide) in paragraph at lines 63--64
 [][] 
 []

<images/corrplot.png, id=33, 347.79938pt x 310.15875pt>
File: images/corrplot.png Graphic file (type png)
<use images/corrplot.png>
Package pdftex.def Info: images/corrplot.png  used on input line 65.
(pdftex.def)             Requested size: 347.79852pt x 310.15799pt.
[5 <./images/boxplotCR.png>]
Underfull \hbox (badness 10000) in paragraph at lines 68--69

 []

[6 <./images/cor.png> <./images/corrplot.png (PNG copy)>]
<images/eigen.png, id=42, 621.32124pt x 50.1875pt>
File: images/eigen.png Graphic file (type png)
<use images/eigen.png>
Package pdftex.def Info: images/eigen.png  used on input line 73.
(pdftex.def)             Requested size: 434.9219pt x 35.131pt.
<images/coude.png, id=43, 451.6875pt x 301.125pt>
File: images/coude.png Graphic file (type png)
<use images/coude.png>
Package pdftex.def Info: images/coude.png  used on input line 80.
(pdftex.def)             Requested size: 451.68639pt x 301.12425pt.
<images/corrcircle.png, id=44, 451.6875pt x 301.125pt>
File: images/corrcircle.png Graphic file (type png)
<use images/corrcircle.png>
Package pdftex.def Info: images/corrcircle.png  used on input line 104.
(pdftex.def)             Requested size: 451.68639pt x 301.12425pt.
 [7 <./images/eigen.png> <./images/coude.png>]
<images/scatter.png, id=51, 451.6875pt x 301.125pt>
File: images/scatter.png Graphic file (type png)
<use images/scatter.png>
Package pdftex.def Info: images/scatter.png  used on input line 110.
(pdftex.def)             Requested size: 451.68639pt x 301.12425pt.
 [8 <./images/corrcircle.png>] [9 <./images/scatter.png>]
<images/nclust.png, id=60, 451.6875pt x 301.125pt>
File: images/nclust.png Graphic file (type png)
<use images/nclust.png>
Package pdftex.def Info: images/nclust.png  used on input line 120.
(pdftex.def)             Requested size: 451.68639pt x 301.12425pt.
<images/class.png, id=61, 451.6875pt x 301.125pt>
File: images/class.png Graphic file (type png)
<use images/class.png>
Package pdftex.def Info: images/class.png  used on input line 127.
(pdftex.def)             Requested size: 451.68639pt x 301.12425pt.
 [10 <./images/nclust.png>] [11 <./images/class.png>]
Overfull \hbox (20.98389pt too wide) in paragraph at lines 135--137
\OT1/cmr/m/n/10.95 Le \OT1/cmr/m/it/10.95 clus-ter-ing \OT1/cmr/m/n/10.95 (re-g
roupe-ment) d'un en-sem-ble d'objets avec CLARA se fait en deux ^^Setapes. Prem
i^^Rerement,
 []


Underfull \hbox (badness 10000) in paragraph at lines 139--142

 []


Underfull \hbox (badness 10000) in paragraph at lines 144--145

 []


Overfull \hbox (24.05592pt too wide) in paragraph at lines 146--153
[]\OT1/cmr/m/n/10.95 CLARA ^^Seffectue le clus-ter-ing en con-jonc-tion avec la
 recherche par un en-sem-ble d'objets repr^^Sesentatifs,
 []

[12]
<images/clara.png, id=73, 731.73375pt x 211.79124pt>
File: images/clara.png Graphic file (type png)
<use images/clara.png>
Package pdftex.def Info: images/clara.png  used on input line 157.
(pdftex.def)             Requested size: 475.6213pt x 137.66267pt.

Overfull \hbox (5.86629pt too wide) in paragraph at lines 157--158
 [][] 
 []

[13 <./images/clara.png>]
<images/claraclass.png, id=79, 451.6875pt x 301.125pt>
File: images/claraclass.png Graphic file (type png)
<use images/claraclass.png>
Package pdftex.def Info: images/claraclass.png  used on input line 169.
(pdftex.def)             Requested size: 451.68639pt x 301.12425pt.
 [14 <./images/claraclass.png (PNG copy)>]
(./report.aux) ) 
Here is how much of TeX's memory you used:
 1838 strings out of 481239
 26844 string characters out of 5920377
 273009 words of memory out of 5000000
 17107 multiletter control sequences out of 15000+600000
 538495 words of font info for 44 fonts, out of 8000000 for 9000
 1141 hyphenation exceptions out of 8191
 30i,9n,34p,1002b,227s stack positions out of 5000i,500n,10000p,200000b,80000s
{/usr/share/texmf/fonts/enc/dvips/cm-super/cm-super-ts1.enc}</u
sr/share/texlive/texmf-dist/fonts/type1/public/amsfonts/cm/cmbx10.pfb></usr/sha
re/texlive/texmf-dist/fonts/type1/public/amsfonts/cm/cmbx12.pfb></usr/share/tex
live/texmf-dist/fonts/type1/public/amsfonts/cm/cmmi10.pfb></usr/share/texlive/t
exmf-dist/fonts/type1/public/amsfonts/cm/cmr10.pfb></usr/share/texlive/texmf-di
st/fonts/type1/public/amsfonts/cm/cmr12.pfb></usr/share/texlive/texmf-dist/font
s/type1/public/amsfonts/cm/cmr17.pfb></usr/share/texlive/texmf-dist/fonts/type1
/public/amsfonts/cm/cmsy10.pfb></usr/share/texlive/texmf-dist/fonts/type1/publi
c/amsfonts/cm/cmti10.pfb></usr/share/texmf/fonts/type1/public/cm-super/sfrm1095
.pfb>
Output written on report.pdf (14 pages, 364436 bytes).
PDF statistics:
 114 PDF objects out of 1000 (max. 8388607)
 62 compressed objects within 1 object stream
 0 named destinations out of 1000 (max. 500000)
 71 words of extra memory for PDF output out of 10000 (max. 10000000)

